c:\users\администратор\desktop\kursovayayaziki\x64\debug\vc143.pdb
c:\users\администратор\desktop\kursovayayaziki\x64\debug\.netframework,version=v4.7.2.assemblyattributes.obj
c:\users\администратор\desktop\kursovayayaziki\x64\debug\myform.obj
c:\users\администратор\desktop\kursovayayaziki\x64\debug\formfork.obj
c:\users\администратор\desktop\kursovayayaziki\x64\debug\addedge.obj
c:\users\администратор\desktop\kursovayayaziki\x64\debug\kursovayayaziki.exe
c:\users\администратор\desktop\kursovayayaziki\x64\debug\kursovayayaziki.pdb
c:\users\администратор\desktop\kursovayayaziki\x64\debug\kursovayayaziki.exe.metagen
c:\users\администратор\desktop\kursovayayaziki\x64\debug\kursovayayaziki.tlog\cl.command.1.tlog
c:\users\администратор\desktop\kursovayayaziki\x64\debug\kursovayayaziki.tlog\cl.items.tlog
c:\users\администратор\desktop\kursovayayaziki\x64\debug\kursovayayaziki.tlog\cl.read.1.tlog
c:\users\администратор\desktop\kursovayayaziki\x64\debug\kursovayayaziki.tlog\cl.write.1.tlog
c:\users\администратор\desktop\kursovayayaziki\x64\debug\kursovayayaziki.tlog\link.command.1.tlog
c:\users\администратор\desktop\kursovayayaziki\x64\debug\kursovayayaziki.tlog\link.read.1.tlog
c:\users\администратор\desktop\kursovayayaziki\x64\debug\kursovayayaziki.tlog\link.write.1.tlog
c:\users\администратор\desktop\kursovayayaziki\x64\debug\kursovayayaziki.tlog\metagen.read.1.tlog
c:\users\администратор\desktop\kursovayayaziki\x64\debug\kursovayayaziki.tlog\metagen.write.1.tlog
c:\users\администратор\desktop\kursovayayaziki\x64\debug\kursovayayaziki.tlog\resgen.command.1.tlog
c:\users\администратор\desktop\kursovayayaziki\x64\debug\kursovayayaziki.tlog\resgen.read.1.tlog
c:\users\администратор\desktop\kursovayayaziki\x64\debug\kursovayayaziki.tlog\resgen.write.1.tlog
